  Application.cpp
  Enemy.cpp
  Enemy_01.cpp
  Enemy_22.cpp
  Globals.cpp
  Level01.cpp
  Main.cpp
  ModuleAudio.cpp
  ModuleCollision.cpp
  ModuleEnemies.cpp
  ModuleFadeToBlack.cpp
  ModuleGameIntroduction.cpp
  ModuleGameOver.cpp
  ModuleInput.cpp
  ModuleParticles.cpp
  ModulePlayer.cpp
  ModuleRender.cpp
  ModuleStageClear.cpp
  ModuleTextures.cpp
  ModuleWindow.cpp
  Generating Code...
  SDL Game.vcxproj -> C:\Users\usuario\Desktop\Andro_Dunos-master def\Andro dunos 0.1\Debug\Andro_Dunos0.1.exe
